{"C:\\Users\\Lawrence\\Microverse-Program\\Module-Two\\week-three\\to-do-list-2\\src\\modules\\changeDom.js": {"path":"C:\\Users\\Lawrence\\Microverse-Program\\Module-Two\\week-three\\to-do-list-2\\src\\modules\\changeDom.js","statementMap":{"0":{"start":{"line":1,"column":27},"end":{"line":4,"column":1}},"1":{"start":{"line":2,"column":19},"end":{"line":2,"column":54}},"2":{"start":{"line":3,"column":2},"end":{"line":3,"column":36}},"3":{"start":{"line":6,"column":29},"end":{"line":8,"column":1}},"4":{"start":{"line":7,"column":2},"end":{"line":7,"column":39}}},"fnMap":{"0":{"name":"(anonymous_0)","decl":{"start":{"line":1,"column":27},"end":{"line":1,"column":28}},"loc":{"start":{"line":1,"column":44},"end":{"line":4,"column":1}},"line":1},"1":{"name":"(anonymous_1)","decl":{"start":{"line":6,"column":29},"end":{"line":6,"column":30}},"loc":{"start":{"line":6,"column":39},"end":{"line":8,"column":1}},"line":6}},"branchMap":{},"s":{"0":1,"1":1,"2":1,"3":1,"4":1},"f":{"0":1,"1":1},"b":{},"_coverageSchema":"1a1c01bbd47fc00a2c39e90264f33305004495a9","hash":"8e1edfc2bd4c89331788ed7db99ceed543bc8d73"}
,"C:\\Users\\Lawrence\\Microverse-Program\\Module-Two\\week-three\\to-do-list-2\\src\\modules\\localStorage.js": {"path":"C:\\Users\\Lawrence\\Microverse-Program\\Module-Two\\week-three\\to-do-list-2\\src\\modules\\localStorage.js","statementMap":{"0":{"start":{"line":1,"column":25},"end":{"line":13,"column":1}},"1":{"start":{"line":3,"column":2},"end":{"line":12,"column":3}},"2":{"start":{"line":4,"column":4},"end":{"line":4,"column":27}},"3":{"start":{"line":5,"column":14},"end":{"line":5,"column":32}},"4":{"start":{"line":6,"column":4},"end":{"line":6,"column":26}},"5":{"start":{"line":7,"column":4},"end":{"line":7,"column":26}},"6":{"start":{"line":8,"column":4},"end":{"line":8,"column":16}},"7":{"start":{"line":10,"column":4},"end":{"line":11,"column":184}},"8":{"start":{"line":15,"column":12},"end":{"line":15,"column":14}},"9":{"start":{"line":16,"column":0},"end":{"line":20,"column":1}},"10":{"start":{"line":17,"column":2},"end":{"line":17,"column":41}},"11":{"start":{"line":19,"column":2},"end":{"line":19,"column":26}},"12":{"start":{"line":21,"column":28},"end":{"line":27,"column":1}},"13":{"start":{"line":22,"column":2},"end":{"line":25,"column":3}},"14":{"start":{"line":23,"column":22},"end":{"line":23,"column":55}},"15":{"start":{"line":24,"column":4},"end":{"line":24,"column":34}},"16":{"start":{"line":26,"column":2},"end":{"line":26,"column":15}},"17":{"start":{"line":28,"column":25},"end":{"line":34,"column":1}},"18":{"start":{"line":29,"column":2},"end":{"line":32,"column":3}},"19":{"start":{"line":30,"column":21},"end":{"line":30,"column":47}},"20":{"start":{"line":31,"column":4},"end":{"line":31,"column":48}},"21":{"start":{"line":33,"column":2},"end":{"line":33,"column":26}}},"fnMap":{"0":{"name":"(anonymous_0)","decl":{"start":{"line":1,"column":25},"end":{"line":1,"column":26}},"loc":{"start":{"line":1,"column":35},"end":{"line":13,"column":1}},"line":1},"1":{"name":"(anonymous_1)","decl":{"start":{"line":21,"column":28},"end":{"line":21,"column":29}},"loc":{"start":{"line":21,"column":34},"end":{"line":27,"column":1}},"line":21},"2":{"name":"(anonymous_2)","decl":{"start":{"line":28,"column":25},"end":{"line":28,"column":26}},"loc":{"start":{"line":28,"column":41},"end":{"line":34,"column":1}},"line":28}},"branchMap":{"0":{"loc":{"start":{"line":11,"column":6},"end":{"line":11,"column":182}},"type":"binary-expr","locations":[{"start":{"line":11,"column":6},"end":{"line":11,"column":31}},{"start":{"line":11,"column":36},"end":{"line":11,"column":49}},{"start":{"line":11,"column":53},"end":{"line":11,"column":68}},{"start":{"line":11,"column":72},"end":{"line":11,"column":103}},{"start":{"line":11,"column":107},"end":{"line":11,"column":146}},{"start":{"line":11,"column":151},"end":{"line":11,"column":158}},{"start":{"line":11,"column":162},"end":{"line":11,"column":182}}],"line":11},"1":{"loc":{"start":{"line":16,"column":0},"end":{"line":20,"column":1}},"type":"if","locations":[{"start":{"line":16,"column":0},"end":{"line":20,"column":1}},{"start":{"line":18,"column":7},"end":{"line":20,"column":1}}],"line":16},"2":{"loc":{"start":{"line":22,"column":2},"end":{"line":25,"column":3}},"type":"if","locations":[{"start":{"line":22,"column":2},"end":{"line":25,"column":3}},{"start":{},"end":{}}],"line":22},"3":{"loc":{"start":{"line":29,"column":2},"end":{"line":32,"column":3}},"type":"if","locations":[{"start":{"line":29,"column":2},"end":{"line":32,"column":3}},{"start":{},"end":{}}],"line":29}},"s":{"0":1,"1":1,"2":1,"3":1,"4":1,"5":1,"6":1,"7":0,"8":1,"9":1,"10":1,"11":0,"12":1,"13":1,"14":0,"15":0,"16":1,"17":1,"18":1,"19":1,"20":1,"21":1},"f":{"0":1,"1":1,"2":1},"b":{"0":[0,0,0,0,0,0,0],"1":[1,0],"2":[0,1],"3":[1,0]},"_coverageSchema":"1a1c01bbd47fc00a2c39e90264f33305004495a9","hash":"bcfa2ef2dafd96dc11c6db09389029c642ef329f"}
,"C:\\Users\\Lawrence\\Microverse-Program\\Module-Two\\week-three\\to-do-list-2\\src\\modules\\todo.js": {"path":"C:\\Users\\Lawrence\\Microverse-Program\\Module-Two\\week-three\\to-do-list-2\\src\\modules\\todo.js","statementMap":{"0":{"start":{"line":3,"column":19},"end":{"line":3,"column":21}},"1":{"start":{"line":7,"column":4},"end":{"line":7,"column":35}},"2":{"start":{"line":8,"column":4},"end":{"line":8,"column":31}},"3":{"start":{"line":9,"column":4},"end":{"line":9,"column":23}},"4":{"start":{"line":12,"column":19},"end":{"line":16,"column":3}},"5":{"start":{"line":13,"column":4},"end":{"line":13,"column":34}},"6":{"start":{"line":14,"column":17},"end":{"line":14,"column":82}},"7":{"start":{"line":14,"column":42},"end":{"line":14,"column":81}},"8":{"start":{"line":15,"column":4},"end":{"line":15,"column":16}},"9":{"start":{"line":18,"column":12},"end":{"line":28,"column":3}},"10":{"start":{"line":19,"column":20},"end":{"line":23,"column":5}},"11":{"start":{"line":24,"column":23},"end":{"line":24,"column":37}},"12":{"start":{"line":25,"column":4},"end":{"line":25,"column":29}},"13":{"start":{"line":26,"column":4},"end":{"line":26,"column":26}},"14":{"start":{"line":27,"column":4},"end":{"line":27,"column":22}},"15":{"start":{"line":30,"column":22},"end":{"line":40,"column":3}},"16":{"start":{"line":31,"column":4},"end":{"line":31,"column":34}},"17":{"start":{"line":32,"column":4},"end":{"line":32,"column":82}},"18":{"start":{"line":32,"column":52},"end":{"line":32,"column":80}},"19":{"start":{"line":33,"column":20},"end":{"line":37,"column":5}},"20":{"start":{"line":38,"column":4},"end":{"line":38,"column":31}},"21":{"start":{"line":39,"column":4},"end":{"line":39,"column":28}},"22":{"start":{"line":42,"column":22},"end":{"line":50,"column":3}},"23":{"start":{"line":43,"column":4},"end":{"line":43,"column":34}},"24":{"start":{"line":44,"column":4},"end":{"line":44,"column":99}},"25":{"start":{"line":44,"column":52},"end":{"line":44,"column":97}},"26":{"start":{"line":45,"column":27},"end":{"line":45,"column":29}},"27":{"start":{"line":46,"column":4},"end":{"line":48,"column":7}},"28":{"start":{"line":46,"column":32},"end":{"line":46,"column":49}},"29":{"start":{"line":47,"column":6},"end":{"line":47,"column":87}},"30":{"start":{"line":49,"column":4},"end":{"line":49,"column":37}}},"fnMap":{"0":{"name":"(anonymous_0)","decl":{"start":{"line":6,"column":2},"end":{"line":6,"column":3}},"loc":{"start":{"line":6,"column":45},"end":{"line":10,"column":3}},"line":6},"1":{"name":"(anonymous_1)","decl":{"start":{"line":12,"column":19},"end":{"line":12,"column":20}},"loc":{"start":{"line":12,"column":30},"end":{"line":16,"column":3}},"line":12},"2":{"name":"(anonymous_2)","decl":{"start":{"line":14,"column":35},"end":{"line":14,"column":36}},"loc":{"start":{"line":14,"column":42},"end":{"line":14,"column":81}},"line":14},"3":{"name":"(anonymous_3)","decl":{"start":{"line":18,"column":12},"end":{"line":18,"column":13}},"loc":{"start":{"line":18,"column":18},"end":{"line":28,"column":3}},"line":18},"4":{"name":"(anonymous_4)","decl":{"start":{"line":30,"column":22},"end":{"line":30,"column":23}},"loc":{"start":{"line":30,"column":32},"end":{"line":40,"column":3}},"line":30},"5":{"name":"(anonymous_5)","decl":{"start":{"line":32,"column":39},"end":{"line":32,"column":40}},"loc":{"start":{"line":32,"column":52},"end":{"line":32,"column":80}},"line":32},"6":{"name":"(anonymous_6)","decl":{"start":{"line":42,"column":22},"end":{"line":42,"column":23}},"loc":{"start":{"line":42,"column":33},"end":{"line":50,"column":3}},"line":42},"7":{"name":"(anonymous_7)","decl":{"start":{"line":44,"column":39},"end":{"line":44,"column":40}},"loc":{"start":{"line":44,"column":52},"end":{"line":44,"column":97}},"line":44},"8":{"name":"(anonymous_8)","decl":{"start":{"line":46,"column":22},"end":{"line":46,"column":23}},"loc":{"start":{"line":46,"column":32},"end":{"line":46,"column":49}},"line":46},"9":{"name":"(anonymous_9)","decl":{"start":{"line":46,"column":59},"end":{"line":46,"column":60}},"loc":{"start":{"line":46,"column":79},"end":{"line":48,"column":5}},"line":46}},"branchMap":{},"s":{"0":1,"1":2,"2":2,"3":2,"4":1,"5":0,"6":0,"7":0,"8":0,"9":2,"10":1,"11":1,"12":1,"13":1,"14":1,"15":1,"16":0,"17":0,"18":0,"19":0,"20":0,"21":0,"22":1,"23":0,"24":0,"25":0,"26":0,"27":0,"28":0,"29":0,"30":0},"f":{"0":2,"1":0,"2":0,"3":1,"4":0,"5":0,"6":0,"7":0,"8":0,"9":0},"b":{},"_coverageSchema":"1a1c01bbd47fc00a2c39e90264f33305004495a9","hash":"ab46af025bae858c155d014aa9cee98a2bc2e44b"}
}
